This is pdfTeX, Version 3.141592653-2.6-1.40.22 (TeX Live 2022/dev/Debian) (preloaded format=pdflatex 2025.4.17)  4 NOV 2025 10:47
entering extended mode
 restricted \write18 enabled.
 file:line:error style messages enabled.
 %&-line parsing enabled.
**/home/3S-LAB/vquach/Documents/rapportThese/Novembre/main
(/home/3S-LAB/vquach/Documents/rapportThese/Novembre/main.tex
LaTeX2e <2021-11-15> patch level 1
L3 programming layer <2022-01-21> (./elsarticle.cls
Document Class: elsarticle 2009/09/17, 1.20b: Elsevier Ltd
\@bls=\dimen138
(/usr/share/texlive/texmf-dist/tex/latex/base/article.cls
Document Class: article 2021/10/04 v1.4n Standard LaTeX document class
(/usr/share/texlive/texmf-dist/tex/latex/base/size10.clo
File: size10.clo 2021/10/04 v1.4n Standard LaTeX file (size option)
)
\c@part=\count185
\c@section=\count186
\c@subsection=\count187
\c@subsubsection=\count188
\c@paragraph=\count189
\c@subparagraph=\count190
\c@figure=\count191
\c@table=\count192
\abovecaptionskip=\skip47
\belowcaptionskip=\skip48
\bibindent=\dimen139
) (/usr/share/texlive/texmf-dist/tex/latex/graphics/graphicx.sty
Package: graphicx 2021/09/16 v1.2d Enhanced LaTeX Graphics (DPC,SPQR)
 (/usr/share/texlive/texmf-dist/tex/latex/graphics/keyval.sty
Package: keyval 2014/10/28 v1.15 key=value parser (DPC)
\KV@toks@=\toks16
) (/usr/share/texlive/texmf-dist/tex/latex/graphics/graphics.sty
Package: graphics 2021/03/04 v1.4d Standard LaTeX Graphics (DPC,SPQR)
 (/usr/share/texlive/texmf-dist/tex/latex/graphics/trig.sty
Package: trig 2021/08/11 v1.11 sin cos tan (DPC)
) (/usr/share/texlive/texmf-dist/tex/latex/graphics-cfg/graphics.cfg
File: graphics.cfg 2016/06/04 v1.11 sample graphics configuration
)
Package graphics Info: Driver file: pdftex.def on input line 107.
 (/usr/share/texlive/texmf-dist/tex/latex/graphics-def/pdftex.def
File: pdftex.def 2020/10/05 v1.2a Graphics/color driver for pdftex
))
\Gin@req@height=\dimen140
\Gin@req@width=\dimen141
) (/usr/share/texlive/texmf-dist/tex/latex/psnfss/pifont.sty
Package: pifont 2020/03/25 PSNFSS-v9.3 Pi font support (SPQR) 
LaTeX Font Info:    Trying to load font information for U+pzd on input line 63.
 (/usr/share/texlive/texmf-dist/tex/latex/psnfss/upzd.fd
File: upzd.fd 2001/06/04 font definitions for U/pzd.
)
LaTeX Font Info:    Trying to load font information for U+psy on input line 64.
 (/usr/share/texlive/texmf-dist/tex/latex/psnfss/upsy.fd
File: upsy.fd 2001/06/04 font definitions for U/psy.
))
\c@tnote=\count193
\c@fnote=\count194
\c@cnote=\count195
\c@ead=\count196
\c@author=\count197
\@eadauthor=\toks17
\c@affn=\count198
\absbox=\box50
\keybox=\box51
\Columnwidth=\dimen142
\space@left=\dimen143
\els@boxa=\box52
\els@boxb=\box53
\leftMargin=\dimen144
\@enLab=\toks18
\@sep=\skip49
\@@sep=\skip50
 (./main.spl) (/usr/share/texlive/texmf-dist/tex/latex/natbib/natbib.sty
Package: natbib 2010/09/13 8.31b (PWD, AO)
\bibhang=\skip51
\bibsep=\skip52
LaTeX Info: Redefining \cite on input line 694.
\c@NAT@ctr=\count199
)
\splwrite=\write3
\openout3 = `main.spl'.

 (/usr/share/texlive/texmf-dist/tex/latex/geometry/geometry.sty
Package: geometry 2020/01/02 v5.9 Page Geometry
 (/usr/share/texlive/texmf-dist/tex/generic/iftex/ifvtex.sty
Package: ifvtex 2019/10/25 v1.7 ifvtex legacy package. Use iftex instead.
 (/usr/share/texlive/texmf-dist/tex/generic/iftex/iftex.sty
Package: iftex 2020/03/06 v1.0d TeX engine tests
))
\Gm@cnth=\count266
\Gm@cntv=\count267
\c@Gm@tempcnt=\count268
\Gm@bindingoffset=\dimen145
\Gm@wd@mp=\dimen146
\Gm@odd@mp=\dimen147
\Gm@even@mp=\dimen148
\Gm@layoutwidth=\dimen149
\Gm@layoutheight=\dimen150
\Gm@layouthoffset=\dimen151
\Gm@layoutvoffset=\dimen152
\Gm@dimlist=\toks19
) (/usr/share/texlive/texmf-dist/tex/latex/base/fleqn.clo
File: fleqn.clo 2016/12/29 v1.2b Standard LaTeX option (flush left equations)
\mathindent=\skip53
Applying: [2015/01/01] Make \[ robust on input line 50.
LaTeX Info: Redefining \[ on input line 51.
Already applied: [0000/00/00] Make \[ robust on input line 62.
Applying: [2015/01/01] Make \] robust on input line 74.
LaTeX Info: Redefining \] on input line 75.
Already applied: [0000/00/00] Make \] robust on input line 83.
)
\appnamewidth=\dimen153
) (/usr/share/texlive/texmf-dist/tex/latex/base/inputenc.sty
Package: inputenc 2021/02/14 v1.3d Input encoding file
\inpenc@prehook=\toks20
\inpenc@posthook=\toks21
) (/usr/share/texlive/texmf-dist/tex/latex/base/fontenc.sty
Package: fontenc 2021/04/29 v2.0v Standard LaTeX package
) (/usr/share/texlive/texmf-dist/tex/generic/babel/babel.sty
Package: babel 2022/01/26 3.70 The Babel package
\babel@savecnt=\count269
\U@D=\dimen154
\l@unhyphenated=\language87
 (/usr/share/texlive/texmf-dist/tex/generic/babel/txtbabel.def)
\bbl@readstream=\read2
\bbl@dirlevel=\count270
 (/usr/share/texlive/texmf-dist/tex/generic/babel-french/french.ldf
Language: french 2021/07/20 v3.5m French support from the babel system
Package babel Info: Hyphen rules for 'acadian' set to \l@french
(babel)             (\language41). Reported on input line 91.
Package babel Info: Hyphen rules for 'canadien' set to \l@french
(babel)             (\language41). Reported on input line 92.
\FB@nonchar=\count271
Package babel Info: Making : an active character on input line 430.
Package babel Info: Making ; an active character on input line 431.
Package babel Info: Making ! an active character on input line 432.
Package babel Info: Making ? an active character on input line 433.
\FBguill@level=\count272
\FBold@everypar=\toks22
\FB@Mht=\dimen155
\mc@charclass=\count273
\mc@charfam=\count274
\mc@charslot=\count275
\std@mcc=\count276
\dec@mcc=\count277
\listindentFB=\dimen156
\descindentFB=\dimen157
\labelindentFB=\dimen158
\labelwidthFB=\dimen159
\leftmarginFB=\dimen160
\parindentFFN=\dimen161
\FBfnindent=\dimen162
)) (/usr/share/texlive/texmf-dist/tex/latex/carlisle/scalefnt.sty) (/usr/share/texlive/texmf-dist/tex/latex/csquotes/csquotes.sty
Package: csquotes 2021-02-22 v5.2l context-sensitive quotations (JAW)
 (/usr/share/texlive/texmf-dist/tex/latex/etoolbox/etoolbox.sty
Package: etoolbox 2020/10/05 v2.5k e-TeX tools for LaTeX (JAW)
\etb@tempcnta=\count278
)
\csq@reset=\count279
\csq@gtype=\count280
\csq@glevel=\count281
\csq@qlevel=\count282
\csq@maxlvl=\count283
\csq@tshold=\count284
\csq@ltx@everypar=\toks23
 (/usr/share/texlive/texmf-dist/tex/latex/csquotes/csquotes.def
File: csquotes.def 2021-02-22 v5.2l csquotes generic definitions (JAW)
)
Package csquotes Info: Trying to load configuration file 'csquotes.cfg'...
Package csquotes Info: ... configuration file loaded successfully.
 (/usr/share/texlive/texmf-dist/tex/latex/csquotes/csquotes.cfg
File: csquotes.cfg 
)
Package csquotes Info: Option 'babel' depreciated.
(csquotes)             Using 'autostyle'.
Package csquotes Info: Enabling multilingual quotes.
) (/usr/share/texlive/texmf-dist/tex/latex/amsmath/amsmath.sty
Package: amsmath 2021/10/15 v2.17l AMS math features
\@mathmargin=\skip54

For additional information on amsmath, use the `?' option.
(/usr/share/texlive/texmf-dist/tex/latex/amsmath/amstext.sty
Package: amstext 2021/08/26 v2.01 AMS text
 (/usr/share/texlive/texmf-dist/tex/latex/amsmath/amsgen.sty
File: amsgen.sty 1999/11/30 v2.0 generic functions
\@emptytoks=\toks24
\ex@=\dimen163
)) (/usr/share/texlive/texmf-dist/tex/latex/amsmath/amsbsy.sty
Package: amsbsy 1999/11/29 v1.2d Bold Symbols
\pmbraise@=\dimen164
) (/usr/share/texlive/texmf-dist/tex/latex/amsmath/amsopn.sty
Package: amsopn 2021/08/26 v2.02 operator names
)
\inf@bad=\count285
LaTeX Info: Redefining \frac on input line 234.
\uproot@=\count286
\leftroot@=\count287
LaTeX Info: Redefining \overline on input line 399.
\classnum@=\count288
\DOTSCASE@=\count289
LaTeX Info: Redefining \ldots on input line 496.
LaTeX Info: Redefining \dots on input line 499.
LaTeX Info: Redefining \cdots on input line 620.
\Mathstrutbox@=\box54
\strutbox@=\box55
\big@size=\dimen165
LaTeX Font Info:    Redeclaring font encoding OML on input line 743.
LaTeX Font Info:    Redeclaring font encoding OMS on input line 744.
\macc@depth=\count290
\c@MaxMatrixCols=\count291
\dotsspace@=\muskip16
\c@parentequation=\count292
\dspbrk@lvl=\count293
\tag@help=\toks25
\row@=\count294
\column@=\count295
\maxfields@=\count296
\andhelp@=\toks26
\eqnshift@=\dimen166
\alignsep@=\dimen167
\tagshift@=\dimen168
\tagwidth@=\dimen169
\totwidth@=\dimen170
\lineht@=\dimen171
\@envbody=\toks27
\multlinegap=\skip55
\multlinetaggap=\skip56
\mathdisplay@stack=\toks28
LaTeX Info: Redefining \[ on input line 2938.
LaTeX Info: Redefining \] on input line 2939.
) (/usr/share/texlive/texmf-dist/tex/latex/amscls/amsthm.sty
Package: amsthm 2020/05/29 v2.20.6
\thm@style=\toks29
\thm@bodyfont=\toks30
\thm@headfont=\toks31
\thm@notefont=\toks32
\thm@headpunct=\toks33
\thm@preskip=\skip57
\thm@postskip=\skip58
\thm@headsep=\skip59
\dth@everypar=\toks34
LaTeX Info: Redefining \qed on input line 273.
) (/usr/share/texlive/texmf-dist/tex/latex/booktabs/booktabs.sty
Package: booktabs 2020/01/12 v1.61803398 Publication quality tables
\heavyrulewidth=\dimen172
\lightrulewidth=\dimen173
\cmidrulewidth=\dimen174
\belowrulesep=\dimen175
\belowbottomsep=\dimen176
\aboverulesep=\dimen177
\abovetopsep=\dimen178
\cmidrulesep=\dimen179
\cmidrulekern=\dimen180
\defaultaddspace=\dimen181
\@cmidla=\count297
\@cmidlb=\count298
\@aboverulesep=\dimen182
\@belowrulesep=\dimen183
\@thisruleclass=\count299
\@lastruleclass=\count300
\@thisrulewidth=\dimen184
) (/usr/share/texlive/texmf-dist/tex/latex/multirow/multirow.sty
Package: multirow 2021/03/15 v2.8 Span multiple rows of a table
\multirow@colwidth=\skip60
\multirow@cntb=\count301
\multirow@dima=\skip61
\bigstrutjot=\dimen185
) (/usr/share/texlive/texmf-dist/tex/latex/amsfonts/amssymb.sty
Package: amssymb 2013/01/14 v3.01 AMS font symbols
 (/usr/share/texlive/texmf-dist/tex/latex/amsfonts/amsfonts.sty
Package: amsfonts 2013/01/14 v3.01 Basic AMSFonts support
\symAMSa=\mathgroup4
\symAMSb=\mathgroup5
LaTeX Font Info:    Redeclaring math symbol \hbar on input line 98.
LaTeX Font Info:    Overwriting math alphabet `\mathfrak' in version `bold'
(Font)                  U/euf/m/n --> U/euf/b/n on input line 106.
)) (/usr/share/texlive/texmf-dist/tex/latex/float/float.sty
Package: float 2001/11/08 v1.3d Float enhancements (AL)
\c@float@type=\count302
\float@exts=\toks35
\float@box=\box56
\@float@everytoks=\toks36
\@floatcapt=\box57
) (/usr/share/texlive/texmf-dist/tex/latex/caption/subcaption.sty
Package: subcaption 2020/10/07 v1.3j Sub-captions (AR)
 (/usr/share/texlive/texmf-dist/tex/latex/caption/caption.sty
Package: caption 2020/10/26 v3.5g Customizing captions (AR)
 (/usr/share/texlive/texmf-dist/tex/latex/caption/caption3.sty
Package: caption3 2020/10/21 v2.2e caption3 kernel (AR)
\captionmargin=\dimen186
\captionmargin@=\dimen187
\captionwidth=\dimen188
\caption@tempdima=\dimen189
\caption@indent=\dimen190
\caption@parindent=\dimen191
\caption@hangindent=\dimen192
Package caption Info: elsarticle document class detected.
Package caption Info: french babel package is loaded.
 (/usr/share/texlive/texmf-dist/tex/latex/caption/caption-elsarticle.sto
File: caption-elsarticle.sto 2020/08/22 v2.0 Adaption of the caption package to the elsarticle document class (AR)
))
\c@caption@flags=\count303
\c@continuedfloat=\count304
Package caption Info: float package is loaded.
)
\c@subfigure=\count305
\c@subtable=\count306
) (/usr/share/texlive/texmf-dist/tex/latex/xcolor/xcolor.sty
Package: xcolor 2021/10/31 v2.13 LaTeX color extensions (UK)
 (/usr/share/texlive/texmf-dist/tex/latex/graphics-cfg/color.cfg
File: color.cfg 2016/01/02 v1.6 sample color configuration
)
Package xcolor Info: Driver file: pdftex.def on input line 227.
Package xcolor Info: Model `cmy' substituted by `cmy0' on input line 1352.
Package xcolor Info: Model `hsb' substituted by `rgb' on input line 1356.
Package xcolor Info: Model `RGB' extended on input line 1368.
Package xcolor Info: Model `HTML' substituted by `rgb' on input line 1370.
Package xcolor Info: Model `Hsb' substituted by `hsb' on input line 1371.
Package xcolor Info: Model `tHsb' substituted by `hsb' on input line 1372.
Package xcolor Info: Model `HSB' substituted by `hsb' on input line 1373.
Package xcolor Info: Model `Gray' substituted by `gray' on input line 1374.
Package xcolor Info: Model `wave' substituted by `hsb' on input line 1375.
) (/usr/share/texlive/texmf-dist/tex/latex/cancel/cancel.sty
Package: cancel 2013/04/12 v2.2 Cancel math terms
) (/usr/share/texlive/texmf-dist/tex/latex/placeins/placeins.sty
Package: placeins 2005/04/18  v 2.2
) (/usr/share/texlive/texmf-dist/tex/latex/dblfloatfix/dblfloatfix.sty
Package: dblfloatfix 2012/12/31 v1.0a (JAW)
 (/usr/share/texlive/texmf-dist/tex/latex/base/fixltx2e.sty
Package: fixltx2e 2016/12/29 v2.1a fixes to LaTeX (obsolete)
Applying: [2015/01/01] Old fixltx2e package on input line 46.


Package fixltx2e Warning: fixltx2e is not required with releases after 2015
(fixltx2e)                All fixes are now in the LaTeX kernel.
(fixltx2e)                See the latexrelease package for details.

Already applied: [0000/00/00] Old fixltx2e package on input line 53.
)
\@dblbotnum=\count307
\c@dblbotnumber=\count308
) (/usr/share/texlive/texmf-dist/tex/latex/hyperref/hyperref.sty
Package: hyperref 2021-06-07 v7.00m Hypertext links for LaTeX
 (/usr/share/texlive/texmf-dist/tex/generic/ltxcmds/ltxcmds.sty
Package: ltxcmds 2020-05-10 v1.25 LaTeX kernel commands for general use (HO)
) (/usr/share/texlive/texmf-dist/tex/generic/pdftexcmds/pdftexcmds.sty
Package: pdftexcmds 2020-06-27 v0.33 Utility functions of pdfTeX for LuaTeX (HO)
 (/usr/share/texlive/texmf-dist/tex/generic/infwarerr/infwarerr.sty
Package: infwarerr 2019/12/03 v1.5 Providing info/warning/error messages (HO)
)
Package pdftexcmds Info: \pdf@primitive is available.
Package pdftexcmds Info: \pdf@ifprimitive is available.
Package pdftexcmds Info: \pdfdraftmode found.
) (/usr/share/texlive/texmf-dist/tex/generic/kvsetkeys/kvsetkeys.sty
Package: kvsetkeys 2019/12/15 v1.18 Key value parser (HO)
) (/usr/share/texlive/texmf-dist/tex/generic/kvdefinekeys/kvdefinekeys.sty
Package: kvdefinekeys 2019-12-19 v1.6 Define keys (HO)
) (/usr/share/texlive/texmf-dist/tex/generic/pdfescape/pdfescape.sty
Package: pdfescape 2019/12/09 v1.15 Implements pdfTeX's escape features (HO)
) (/usr/share/texlive/texmf-dist/tex/latex/hycolor/hycolor.sty
Package: hycolor 2020-01-27 v1.10 Color options for hyperref/bookmark (HO)
) (/usr/share/texlive/texmf-dist/tex/latex/letltxmacro/letltxmacro.sty
Package: letltxmacro 2019/12/03 v1.6 Let assignment for LaTeX macros (HO)
) (/usr/share/texlive/texmf-dist/tex/latex/auxhook/auxhook.sty
Package: auxhook 2019-12-17 v1.6 Hooks for auxiliary files (HO)
) (/usr/share/texlive/texmf-dist/tex/latex/kvoptions/kvoptions.sty
Package: kvoptions 2020-10-07 v3.14 Key value format for package options (HO)
)
\@linkdim=\dimen193
\Hy@linkcounter=\count309
\Hy@pagecounter=\count310
 (/usr/share/texlive/texmf-dist/tex/latex/hyperref/pd1enc.def
File: pd1enc.def 2021-06-07 v7.00m Hyperref: PDFDocEncoding definition (HO)
Now handling font encoding PD1 ...
... no UTF-8 mapping file for font encoding PD1
) (/usr/share/texlive/texmf-dist/tex/latex/hyperref/hyperref-langpatches.def
File: hyperref-langpatches.def 2021-06-07 v7.00m Hyperref: patches for babel languages
) (/usr/share/texlive/texmf-dist/tex/generic/intcalc/intcalc.sty
Package: intcalc 2019/12/15 v1.3 Expandable calculations with integers (HO)
) (/usr/share/texlive/texmf-dist/tex/generic/etexcmds/etexcmds.sty
Package: etexcmds 2019/12/15 v1.7 Avoid name clashes with e-TeX commands (HO)
)
\Hy@SavedSpaceFactor=\count311
 (/usr/share/texlive/texmf-dist/tex/latex/hyperref/puenc.def
File: puenc.def 2021-06-07 v7.00m Hyperref: PDF Unicode definition (HO)
Now handling font encoding PU ...
... no UTF-8 mapping file for font encoding PU
)
Package hyperref Info: Option `bookmarks' set `true' on input line 4073.
Package hyperref Info: Option `colorlinks' set `true' on input line 4073.
Package hyperref Info: Hyper figures OFF on input line 4192.
Package hyperref Info: Link nesting OFF on input line 4197.
Package hyperref Info: Hyper index ON on input line 4200.
Package hyperref Info: Plain pages OFF on input line 4207.
Package hyperref Info: Backreferencing OFF on input line 4212.
Package hyperref Info: Implicit mode ON; LaTeX internals redefined.
Package hyperref Info: Bookmarks ON on input line 4445.
\c@Hy@tempcnt=\count312
 (/usr/share/texlive/texmf-dist/tex/latex/url/url.sty
\Urlmuskip=\muskip17
Package: url 2013/09/16  ver 3.4  Verb mode for urls, etc.
)
LaTeX Info: Redefining \url on input line 4804.
\XeTeXLinkMargin=\dimen194
 (/usr/share/texlive/texmf-dist/tex/generic/bitset/bitset.sty
Package: bitset 2019/12/09 v1.3 Handle bit-vector datatype (HO)
 (/usr/share/texlive/texmf-dist/tex/generic/bigintcalc/bigintcalc.sty
Package: bigintcalc 2019/12/15 v1.5 Expandable calculations on big integers (HO)
))
\Fld@menulength=\count313
\Field@Width=\dimen195
\Fld@charsize=\dimen196
Package hyperref Info: Hyper figures OFF on input line 6076.
Package hyperref Info: Link nesting OFF on input line 6081.
Package hyperref Info: Hyper index ON on input line 6084.
Package hyperref Info: backreferencing OFF on input line 6091.
Package hyperref Info: Link coloring ON on input line 6094.
Package hyperref Info: Link coloring with OCG OFF on input line 6101.
Package hyperref Info: PDF/A mode OFF on input line 6106.
LaTeX Info: Redefining \ref on input line 6146.
LaTeX Info: Redefining \pageref on input line 6150.
 (/usr/share/texlive/texmf-dist/tex/latex/base/atbegshi-ltx.sty
Package: atbegshi-ltx 2021/01/10 v1.0c Emulation of the original atbegshi
package with kernel methods
)
\Hy@abspage=\count314
\c@Item=\count315
\c@Hfootnote=\count316
)
Package hyperref Info: Driver (autodetected): hpdftex.
 (/usr/share/texlive/texmf-dist/tex/latex/hyperref/hpdftex.def
File: hpdftex.def 2021-06-07 v7.00m Hyperref driver for pdfTeX
 (/usr/share/texlive/texmf-dist/tex/latex/base/atveryend-ltx.sty
Package: atveryend-ltx 2020/08/19 v1.0a Emulation of the original atveryend package
with kernel methods
)
\Fld@listcount=\count317
\c@bookmark@seq@number=\count318
 (/usr/share/texlive/texmf-dist/tex/latex/rerunfilecheck/rerunfilecheck.sty
Package: rerunfilecheck 2019/12/05 v1.9 Rerun checks for auxiliary files (HO)
 (/usr/share/texlive/texmf-dist/tex/generic/uniquecounter/uniquecounter.sty
Package: uniquecounter 2019/12/15 v1.4 Provide unlimited unique counter (HO)
)
Package uniquecounter Info: New unique counter `rerunfilecheck' on input line 286.
)
\Hy@SectionHShift=\skip62
) (/usr/share/texlive/texmf-dist/tex/latex/cleveref/cleveref.sty
Package: cleveref 2018/03/27 v0.21.4 Intelligent cross-referencing
Package cleveref Info: `hyperref' support loaded on input line 2370.
LaTeX Info: Redefining \cref on input line 2370.
LaTeX Info: Redefining \Cref on input line 2370.
LaTeX Info: Redefining \crefrange on input line 2370.
LaTeX Info: Redefining \Crefrange on input line 2370.
LaTeX Info: Redefining \cpageref on input line 2370.
LaTeX Info: Redefining \Cpageref on input line 2370.
LaTeX Info: Redefining \cpagerefrange on input line 2370.
LaTeX Info: Redefining \Cpagerefrange on input line 2370.
LaTeX Info: Redefining \labelcref on input line 2370.
LaTeX Info: Redefining \labelcpageref on input line 2370.
Package cleveref Info: `amsthm' support loaded on input line 3026.
Package cleveref Info: include cross-reference names in hyperlinks on input line 7836.
Package cleveref Info: include cross-reference names in hyperlinks on input line 7852.
Package cleveref Info: no abbreviation of names on input line 7852.
)
Package csquotes Info: Checking for multilingual support...
Package csquotes Info: ... found 'babel' package.
 (/usr/share/texlive/texmf-dist/tex/latex/l3backend/l3backend-pdftex.def
File: l3backend-pdftex.def 2022-01-12 L3 backend support: PDF output (pdfTeX)
\l__color_backend_stack_int=\count319
\l__pdf_internal_box=\box58
) (./main.aux)
\openout1 = `main.aux'.

LaTeX Font Info:    Checking defaults for OML/cmm/m/it on input line 37.
LaTeX Font Info:    ... okay on input line 37.
LaTeX Font Info:    Checking defaults for OMS/cmsy/m/n on input line 37.
LaTeX Font Info:    ... okay on input line 37.
LaTeX Font Info:    Checking defaults for OT1/cmr/m/n on input line 37.
LaTeX Font Info:    ... okay on input line 37.
LaTeX Font Info:    Checking defaults for T1/cmr/m/n on input line 37.
LaTeX Font Info:    ... okay on input line 37.
LaTeX Font Info:    Checking defaults for TS1/cmr/m/n on input line 37.
LaTeX Font Info:    ... okay on input line 37.
LaTeX Font Info:    Checking defaults for OMX/cmex/m/n on input line 37.
LaTeX Font Info:    ... okay on input line 37.
LaTeX Font Info:    Checking defaults for U/cmr/m/n on input line 37.
LaTeX Font Info:    ... okay on input line 37.
LaTeX Font Info:    Checking defaults for PD1/pdf/m/n on input line 37.
LaTeX Font Info:    ... okay on input line 37.
LaTeX Font Info:    Checking defaults for PU/pdf/m/n on input line 37.
LaTeX Font Info:    ... okay on input line 37.
 (/usr/share/texlive/texmf-dist/tex/context/base/mkii/supp-pdf.mkii
[Loading MPS to PDF converter (version 2006.09.02).]
\scratchcounter=\count320
\scratchdimen=\dimen197
\scratchbox=\box59
\nofMPsegments=\count321
\nofMParguments=\count322
\everyMPshowfont=\toks37
\MPscratchCnt=\count323
\MPscratchDim=\dimen198
\MPnumerator=\count324
\makeMPintoPDFobject=\count325
\everyMPtoPDFconversion=\toks38
) (/usr/share/texlive/texmf-dist/tex/latex/epstopdf-pkg/epstopdf-base.sty
Package: epstopdf-base 2020-01-24 v2.11 Base part for package epstopdf
 (/usr/share/texlive/texmf-dist/tex/latex/grfext/grfext.sty
Package: grfext 2019/12/03 v1.3 Manage graphics extensions (HO)
)
Package epstopdf-base Info: Redefining graphics rule for `.eps' on input line 485.
Package grfext Info: Graphics extension search list:
(grfext)             [.pdf,.png,.jpg,.mps,.jpeg,.jbig2,.jb2,.PDF,.PNG,.JPG,.JPEG,.JBIG2,.JB2,.eps]
(grfext)             \AppendGraphicsExtensions on input line 504.
 (/usr/share/texlive/texmf-dist/tex/latex/latexconfig/epstopdf-sys.cfg
File: epstopdf-sys.cfg 2010/07/13 v1.3 Configuration of (r)epstopdf for TeX Live
))
*geometry* driver: auto-detecting
*geometry* detected driver: pdftex
*geometry* verbose mode - [ preamble ] result:
* driver: pdftex
* paper: custom
* layout: <same size as paper>
* layoutoffset:(h,v)=(0.0pt,0.0pt)
* hratio: 1:1
* vratio: 1:1
* modes: 
* h-part:(L,W,R)=(37.75394pt, 522.0pt, 37.75394pt)
* v-part:(T,H,B)=(81.52342pt, 682.0pt, 81.52342pt)
* \paperwidth=597.50787pt
* \paperheight=845.04684pt
* \textwidth=522.0pt
* \textheight=682.0pt
* \oddsidemargin=-34.51605pt
* \evensidemargin=-34.51605pt
* \topmargin=-52.74657pt
* \headheight=50.0pt
* \headsep=12.0pt
* \topskip=10.0pt
* \footskip=18.0pt
* \marginparwidth=65.0pt
* \marginparsep=11.0pt
* \columnsep=18.0pt
* \skip\footins=24.0pt plus 2.0pt minus 12.0pt
* \hoffset=0.0pt
* \voffset=0.0pt
* \mag=1000
* \@twocolumntrue
* \@twosidefalse
* \@mparswitchfalse
* \@reversemarginfalse
* (1in=72.27pt=25.4mm, 1cm=28.453pt)

LaTeX Info: Redefining \degres on input line 37.
LaTeX Info: Redefining \up on input line 37.
Package caption Info: Begin \AtBeginDocument code.
Package caption Info: hyperref package is loaded.
Package caption Info: End \AtBeginDocument code.
Package hyperref Info: Link coloring ON on input line 37.
(/usr/share/texlive/texmf-dist/tex/latex/hyperref/nameref.sty
Package: nameref 2021-04-02 v2.47 Cross-referencing by name of section
 (/usr/share/texlive/texmf-dist/tex/latex/refcount/refcount.sty
Package: refcount 2019/12/15 v3.6 Data extraction from label references (HO)
) (/usr/share/texlive/texmf-dist/tex/generic/gettitlestring/gettitlestring.sty
Package: gettitlestring 2019/12/15 v1.6 Cleanup title references (HO)
)
\c@section@level=\count326
)
LaTeX Info: Redefining \ref on input line 37.
LaTeX Info: Redefining \pageref on input line 37.
LaTeX Info: Redefining \nameref on input line 37.
 (./main.out) (./main.out)
\@outlinefile=\write4
\openout4 = `main.out'.

LaTeX Font Info:    Trying to load font information for U+msa on input line 54.
 (/usr/share/texlive/texmf-dist/tex/latex/amsfonts/umsa.fd
File: umsa.fd 2013/01/14 v3.01 AMS symbols A
)
LaTeX Font Info:    Trying to load font information for U+msb on input line 54.
 (/usr/share/texlive/texmf-dist/tex/latex/amsfonts/umsb.fd
File: umsb.fd 2013/01/14 v3.01 AMS symbols B
)
<figures/modele.pdf, id=48, 134.39209pt x 119.69719pt>
File: figures/modele.pdf Graphic file (type pdf)
<use figures/modele.pdf>
Package pdftex.def Info: figures/modele.pdf  used on input line 83.
(pdftex.def)             Requested size: 144.54pt x 128.73587pt.


LaTeX Warning: `h' float specifier changed to `ht'.

[1{/var/lib/texmf/fonts/map/pdftex/updmap/pdftex.map}


 <./figures/modele.pdf>]
Overfull \hbox (1.32814pt too wide) in paragraph at lines 164--166
\T1/cmr/m/n/10 tiennent à cette ca-té-go-rie, thus dans le pro-gramme PBC3D,
 []

(./figures/ComparerNP.tex
\gptboxheight=\skip63
\gptboxwidth=\skip64
\gptboxtext=\box60
Package epstopdf Info: Source file: <figures//./ComparerNP.eps>
(epstopdf)                    date: 2025-10-14 10:55:58
(epstopdf)                    size: 56360 bytes
(epstopdf)             Output file: <figures//./ComparerNP-eps-converted-to.pdf>
(epstopdf)                    date: 2025-10-21 16:23:15
(epstopdf)                    size: 26320 bytes
(epstopdf)             Command: <repstopdf --outfile=figures//./ComparerNP-eps-converted-to.pdf figures//./ComparerNP.eps>
(epstopdf)             \includegraphics on input line 130.
Package epstopdf Info: Output file is already uptodate.
<figures//./ComparerNP-eps-converted-to.pdf, id=82, 361.35pt x 252.945pt>
File: figures//./ComparerNP-eps-converted-to.pdf Graphic file (type pdf)
<use figures//./ComparerNP-eps-converted-to.pdf>
Package pdftex.def Info: figures//./ComparerNP-eps-converted-to.pdf  used on input line 130.
(pdftex.def)             Requested size: 361.35463pt x 252.94823pt.
) [2] (./figures/3000KineticComp_q.tex
Package epstopdf Info: Source file: <figures//./3000KineticComp_q.eps>
(epstopdf)                    date: 2025-10-21 16:17:24
(epstopdf)                    size: 21071 bytes
(epstopdf)             Output file: <figures//./3000KineticComp_q-eps-converted-to.pdf>
(epstopdf)                    date: 2025-10-21 16:17:51
(epstopdf)                    size: 3731 bytes
(epstopdf)             Command: <repstopdf --outfile=figures//./3000KineticComp_q-eps-converted-to.pdf figures//./3000KineticComp_q.eps>
(epstopdf)             \includegraphics on input line 121.
Package epstopdf Info: Output file is already uptodate.
<figures//./3000KineticComp_q-eps-converted-to.pdf, id=110, 361.35pt x 252.945pt>
File: figures//./3000KineticComp_q-eps-converted-to.pdf Graphic file (type pdf)
<use figures//./3000KineticComp_q-eps-converted-to.pdf>
Package pdftex.def Info: figures//./3000KineticComp_q-eps-converted-to.pdf  used on input line 121.
(pdftex.def)             Requested size: 361.35463pt x 252.94823pt.
) (./figures/3000KineticComp_ev.tex
Package epstopdf Info: Source file: <figures//./3000KineticComp_ev.eps>
(epstopdf)                    date: 2025-10-21 16:17:24
(epstopdf)                    size: 20657 bytes
(epstopdf)             Output file: <figures//./3000KineticComp_ev-eps-converted-to.pdf>
(epstopdf)                    date: 2025-10-21 16:17:51
(epstopdf)                    size: 3725 bytes
(epstopdf)             Command: <repstopdf --outfile=figures//./3000KineticComp_ev-eps-converted-to.pdf figures//./3000KineticComp_ev.eps>
(epstopdf)             \includegraphics on input line 112.
Package epstopdf Info: Output file is already uptodate.
<figures//./3000KineticComp_ev-eps-converted-to.pdf, id=111, 361.35pt x 252.945pt>
File: figures//./3000KineticComp_ev-eps-converted-to.pdf Graphic file (type pdf)
<use figures//./3000KineticComp_ev-eps-converted-to.pdf>
Package pdftex.def Info: figures//./3000KineticComp_ev-eps-converted-to.pdf  used on input line 112.
(pdftex.def)             Requested size: 361.35463pt x 252.94823pt.
) (./figures/1000KineticComp.tex
Package epstopdf Info: Source file: <figures//./1000KineticComp.eps>
(epstopdf)                    date: 2025-10-17 17:17:39
(epstopdf)                    size: 61733 bytes
(epstopdf)             Output file: <figures//./1000KineticComp-eps-converted-to.pdf>
(epstopdf)                    date: 2025-10-21 17:15:29
(epstopdf)                    size: 26150 bytes
(epstopdf)             Command: <repstopdf --outfile=figures//./1000KineticComp-eps-converted-to.pdf figures//./1000KineticComp.eps>
(epstopdf)             \includegraphics on input line 142.
Package epstopdf Info: Output file is already uptodate.
<figures//./1000KineticComp-eps-converted-to.pdf, id=115, 361.35pt x 252.945pt>
File: figures//./1000KineticComp-eps-converted-to.pdf Graphic file (type pdf)
<use figures//./1000KineticComp-eps-converted-to.pdf>
Package pdftex.def Info: figures//./1000KineticComp-eps-converted-to.pdf  used on input line 142.
(pdftex.def)             Requested size: 361.35463pt x 252.94823pt.
) (./figures/1000KineticExt.tex
Package epstopdf Info: Source file: <figures//./1000KineticExt.eps>
(epstopdf)                    date: 2025-10-21 17:02:12
(epstopdf)                    size: 64954 bytes
(epstopdf)             Output file: <figures//./1000KineticExt-eps-converted-to.pdf>
(epstopdf)                    date: 2025-10-21 17:20:08
(epstopdf)                    size: 28997 bytes
(epstopdf)             Command: <repstopdf --outfile=figures//./1000KineticExt-eps-converted-to.pdf figures//./1000KineticExt.eps>
(epstopdf)             \includegraphics on input line 134.
Package epstopdf Info: Output file is already uptodate.
<figures//./1000KineticExt-eps-converted-to.pdf, id=116, 361.35pt x 252.945pt>
File: figures//./1000KineticExt-eps-converted-to.pdf Graphic file (type pdf)
<use figures//./1000KineticExt-eps-converted-to.pdf>
Package pdftex.def Info: figures//./1000KineticExt-eps-converted-to.pdf  used on input line 134.
(pdftex.def)             Requested size: 361.35463pt x 252.94823pt.
) (./figures/Cercle_3000_residuel.tex
Package epstopdf Info: Source file: <figures//./Cercle_3000_residuel.eps>
(epstopdf)                    date: 2025-10-21 17:10:32
(epstopdf)                    size: 41652 bytes
(epstopdf)             Output file: <figures//./Cercle_3000_residuel-eps-converted-to.pdf>
(epstopdf)                    date: 2025-10-21 17:12:04
(epstopdf)                    size: 9736 bytes
(epstopdf)             Command: <repstopdf --outfile=figures//./Cercle_3000_residuel-eps-converted-to.pdf figures//./Cercle_3000_residuel.eps>
(epstopdf)             \includegraphics on input line 121.
Package epstopdf Info: Output file is already uptodate.
<figures//./Cercle_3000_residuel-eps-converted-to.pdf, id=117, 454.69875pt x 454.69875pt>
File: figures//./Cercle_3000_residuel-eps-converted-to.pdf Graphic file (type pdf)
<use figures//./Cercle_3000_residuel-eps-converted-to.pdf>
Package pdftex.def Info: figures//./Cercle_3000_residuel-eps-converted-to.pdf  used on input line 121.
(pdftex.def)             Requested size: 455.2041pt x 455.2041pt.
)

LaTeX Warning: Reference ` phiI' on page 1 undefined on input line 283.

(./figures/3000_mu_I_fit.tex
Package epstopdf Info: Source file: <figures//./3000_mu_I_fit.eps>
(epstopdf)                    date: 2025-10-21 14:13:44
(epstopdf)                    size: 21823 bytes
(epstopdf)             Output file: <figures//./3000_mu_I_fit-eps-converted-to.pdf>
(epstopdf)                    date: 2025-10-21 14:14:20
(epstopdf)                    size: 4292 bytes
(epstopdf)             Command: <repstopdf --outfile=figures//./3000_mu_I_fit-eps-converted-to.pdf figures//./3000_mu_I_fit.eps>
(epstopdf)             \includegraphics on input line 119.
Package epstopdf Info: Output file is already uptodate.
<figures//./3000_mu_I_fit-eps-converted-to.pdf, id=121, 361.35pt x 252.945pt>
File: figures//./3000_mu_I_fit-eps-converted-to.pdf Graphic file (type pdf)
<use figures//./3000_mu_I_fit-eps-converted-to.pdf>
Package pdftex.def Info: figures//./3000_mu_I_fit-eps-converted-to.pdf  used on input line 119.
(pdftex.def)             Requested size: 361.35463pt x 252.94823pt.
) (./figures/3000_phi_I_fit.tex
Package epstopdf Info: Source file: <figures//./3000_phi_I_fit.eps>
(epstopdf)                    date: 2025-10-21 14:13:44
(epstopdf)                    size: 22063 bytes
(epstopdf)             Output file: <figures//./3000_phi_I_fit-eps-converted-to.pdf>
(epstopdf)                    date: 2025-10-21 14:14:20
(epstopdf)                    size: 4319 bytes
(epstopdf)             Command: <repstopdf --outfile=figures//./3000_phi_I_fit-eps-converted-to.pdf figures//./3000_phi_I_fit.eps>
(epstopdf)             \includegraphics on input line 120.
Package epstopdf Info: Output file is already uptodate.
<figures//./3000_phi_I_fit-eps-converted-to.pdf, id=122, 361.35pt x 252.945pt>
File: figures//./3000_phi_I_fit-eps-converted-to.pdf Graphic file (type pdf)
<use figures//./3000_phi_I_fit-eps-converted-to.pdf>
Package pdftex.def Info: figures//./3000_phi_I_fit-eps-converted-to.pdf  used on input line 120.
(pdftex.def)             Requested size: 361.35463pt x 252.94823pt.
) (./figures/3000_e_I_plot.tex
Package epstopdf Info: Source file: <figures//./3000_e_I_plot.eps>
(epstopdf)                    date: 2025-10-21 14:13:44
(epstopdf)                    size: 22558 bytes
(epstopdf)             Output file: <figures//./3000_e_I_plot-eps-converted-to.pdf>
(epstopdf)                    date: 2025-10-21 14:14:21
(epstopdf)                    size: 4409 bytes
(epstopdf)             Command: <repstopdf --outfile=figures//./3000_e_I_plot-eps-converted-to.pdf figures//./3000_e_I_plot.eps>
(epstopdf)             \includegraphics on input line 126.
Package epstopdf Info: Output file is already uptodate.
<figures//./3000_e_I_plot-eps-converted-to.pdf, id=123, 361.35pt x 252.945pt>
File: figures//./3000_e_I_plot-eps-converted-to.pdf Graphic file (type pdf)
<use figures//./3000_e_I_plot-eps-converted-to.pdf>
Package pdftex.def Info: figures//./3000_e_I_plot-eps-converted-to.pdf  used on input line 126.
(pdftex.def)             Requested size: 361.35463pt x 252.94823pt.
) (./figures/1000_mu_I_fit.tex
Package epstopdf Info: Source file: <figures//./1000_mu_I_fit.eps>
(epstopdf)                    date: 2025-10-21 15:25:19
(epstopdf)                    size: 22087 bytes
(epstopdf)             Output file: <figures//./1000_mu_I_fit-eps-converted-to.pdf>
(epstopdf)                    date: 2025-10-21 15:25:37
(epstopdf)                    size: 4419 bytes
(epstopdf)             Command: <repstopdf --outfile=figures//./1000_mu_I_fit-eps-converted-to.pdf figures//./1000_mu_I_fit.eps>
(epstopdf)             \includegraphics on input line 121.
Package epstopdf Info: Output file is already uptodate.
<figures//./1000_mu_I_fit-eps-converted-to.pdf, id=124, 361.35pt x 252.945pt>
File: figures//./1000_mu_I_fit-eps-converted-to.pdf Graphic file (type pdf)
<use figures//./1000_mu_I_fit-eps-converted-to.pdf>
Package pdftex.def Info: figures//./1000_mu_I_fit-eps-converted-to.pdf  used on input line 121.
(pdftex.def)             Requested size: 361.35463pt x 252.94823pt.
) (./figures/1000_phi_I_fit.tex
Package epstopdf Info: Source file: <figures//./1000_phi_I_fit.eps>
(epstopdf)                    date: 2025-10-21 15:25:19
(epstopdf)                    size: 22165 bytes
(epstopdf)             Output file: <figures//./1000_phi_I_fit-eps-converted-to.pdf>
(epstopdf)                    date: 2025-10-21 15:25:38
(epstopdf)                    size: 4416 bytes
(epstopdf)             Command: <repstopdf --outfile=figures//./1000_phi_I_fit-eps-converted-to.pdf figures//./1000_phi_I_fit.eps>
(epstopdf)             \includegraphics on input line 120.
Package epstopdf Info: Output file is already uptodate.
<figures//./1000_phi_I_fit-eps-converted-to.pdf, id=125, 361.35pt x 252.945pt>
File: figures//./1000_phi_I_fit-eps-converted-to.pdf Graphic file (type pdf)
<use figures//./1000_phi_I_fit-eps-converted-to.pdf>
Package pdftex.def Info: figures//./1000_phi_I_fit-eps-converted-to.pdf  used on input line 120.
(pdftex.def)             Requested size: 361.35463pt x 252.94823pt.
) (./figures/epsyy_epsv.tex
Package epstopdf Info: Source file: <figures//epsyy_epsv.eps>
(epstopdf)                    date: 2025-11-04 10:46:44
(epstopdf)                    size: 56008 bytes
(epstopdf)             Output file: <figures//epsyy_epsv-eps-converted-to.pdf>
(epstopdf)                    date: 2025-11-04 10:45:20
(epstopdf)                    size: 26097 bytes
(epstopdf)             Command: <repstopdf --outfile=figures//epsyy_epsv-eps-converted-to.pdf figures//epsyy_epsv.eps>
(epstopdf)             \includegraphics on input line 136.
runsystem(repstopdf --outfile=figures//epsyy_epsv-eps-converted-to.pdf figures//epsyy_epsv.eps)...executed safely (allowed).

Package epstopdf Info: Result file: <figures//epsyy_epsv-eps-converted-to.pdf>
(epstopdf)                    date: 2025-11-04 10:47:05
(epstopdf)                    size: 26105 bytes.
<figures//epsyy_epsv-eps-converted-to.pdf, id=126, 361.35pt x 252.945pt>
File: figures//epsyy_epsv-eps-converted-to.pdf Graphic file (type pdf)
<use figures//epsyy_epsv-eps-converted-to.pdf>
Package pdftex.def Info: figures//epsyy_epsv-eps-converted-to.pdf  used on input line 136.
(pdftex.def)             Requested size: 361.35463pt x 252.94823pt.
) (./figures/1000_e_I_fit.tex
Package epstopdf Info: Source file: <figures//./1000_e_I_fit.eps>
(epstopdf)                    date: 2025-10-21 15:25:19
(epstopdf)                    size: 22520 bytes
(epstopdf)             Output file: <figures//./1000_e_I_fit-eps-converted-to.pdf>
(epstopdf)                    date: 2025-10-21 15:25:38
(epstopdf)                    size: 4495 bytes
(epstopdf)             Command: <repstopdf --outfile=figures//./1000_e_I_fit-eps-converted-to.pdf figures//./1000_e_I_fit.eps>
(epstopdf)             \includegraphics on input line 124.
Package epstopdf Info: Output file is already uptodate.
<figures//./1000_e_I_fit-eps-converted-to.pdf, id=127, 361.35pt x 252.945pt>
File: figures//./1000_e_I_fit-eps-converted-to.pdf Graphic file (type pdf)
<use figures//./1000_e_I_fit-eps-converted-to.pdf>
Package pdftex.def Info: figures//./1000_e_I_fit-eps-converted-to.pdf  used on input line 124.
(pdftex.def)             Requested size: 361.35463pt x 252.94823pt.
) [3 <./figures//./ComparerNP-eps-converted-to.pdf> <./figures//./3000KineticComp_q-eps-converted-to.pdf> <./figures//./3000KineticComp_ev-eps-converted-to.pdf>] [4 <./figures//./1000KineticComp-eps-converted-to.pdf> <./figures//./1000KineticExt-eps-converted-to.pdf> <./figures//./Cercle_3000_residuel-eps-converted-to.pdf> <./figures//./3000_mu_I_fit-eps-converted-to.pdf> <./figures//./3000_phi_I_fit-eps-converted-to.pdf> <./figures//./3000_e_I_plot-eps-converted-to.pdf>] (./main.bbl
LaTeX Font Info:    Trying to load font information for T1+cmtt on input line 19.
 (/usr/share/texlive/texmf-dist/tex/latex/base/t1cmtt.fd
File: t1cmtt.fd 2019/12/16 v2.5j Standard LaTeX font definitions
)
Underfull \hbox (badness 10000) in paragraph at lines 16--23
[]\T1/cmr/m/n/8 Combe, G., 2023.  DEM lec-ture.  [][]$\T1/cmtt/m/n/8 https : / / cloud .
 []

) [5 <./figures//./1000_mu_I_fit-eps-converted-to.pdf> <./figures//./1000_phi_I_fit-eps-converted-to.pdf> <./figures//epsyy_epsv-eps-converted-to.pdf> <./figures//./1000_e_I_fit-eps-converted-to.pdf>] (./main.aux
Package cleveref Info: loaded `french' language definitions on input line 27.
)

LaTeX Warning: There were undefined references.

Package rerunfilecheck Info: File `main.out' has not changed.
(rerunfilecheck)             Checksum: C88AE8E1C86C43B37BAFAC29EB895887;1697.
 ) 
Here is how much of TeX's memory you used:
 17873 strings out of 478287
 304902 string characters out of 5849289
 690362 words of memory out of 5000000
 35704 multiletter control sequences out of 15000+600000
 490709 words of font info for 83 fonts, out of 8000000 for 9000
 1141 hyphenation exceptions out of 8191
 70i,15n,77p,519b,589s stack positions out of 5000i,500n,10000p,200000b,80000s
{/usr/share/texmf/fonts/enc/dvips/cm-super/cm-super-t1.enc}</usr/share/texlive/texmf-dist/fonts/type1/public/amsfonts/cm/cmbx6.pfb></usr/share/texlive/texmf-dist/fonts/type1/public/amsfonts/cm/cmbx9.pfb></usr/share/texlive/texmf-dist/fonts/type1/public/amsfonts/cm/cmex10.pfb></usr/share/texlive/texmf-dist/fonts/type1/public/amsfonts/cm/cmmi10.pfb></usr/share/texlive/texmf-dist/fonts/type1/public/amsfonts/cm/cmmi6.pfb></usr/share/texlive/texmf-dist/fonts/type1/public/amsfonts/cm/cmmi7.pfb></usr/share/texlive/texmf-dist/fonts/type1/public/amsfonts/cm/cmmi8.pfb></usr/share/texlive/texmf-dist/fonts/type1/public/amsfonts/cmextra/cmmib6.pfb></usr/share/texlive/texmf-dist/fonts/type1/public/amsfonts/cmextra/cmmib8.pfb></usr/share/texlive/texmf-dist/fonts/type1/public/amsfonts/cmextra/cmmib9.pfb></usr/share/texlive/texmf-dist/fonts/type1/public/amsfonts/cm/cmr10.pfb></usr/share/texlive/texmf-dist/fonts/type1/public/amsfonts/cm/cmr6.pfb></usr/share/texlive/texmf-dist/fonts/type1/public/amsfonts/cm/cmr7.pfb></usr/share/texlive/texmf-dist/fonts/type1/public/amsfonts/cm/cmr8.pfb></usr/share/texlive/texmf-dist/fonts/type1/public/amsfonts/cm/cmr9.pfb></usr/share/texlive/texmf-dist/fonts/type1/public/amsfonts/cm/cmsy10.pfb></usr/share/texlive/texmf-dist/fonts/type1/public/amsfonts/cm/cmsy6.pfb></usr/share/texlive/texmf-dist/fonts/type1/public/amsfonts/cm/cmsy7.pfb></usr/share/texlive/texmf-dist/fonts/type1/public/amsfonts/cm/cmsy8.pfb></usr/share/texlive/texmf-dist/fonts/type1/public/amsfonts/cm/cmsy9.pfb></usr/share/texlive/texmf-dist/fonts/type1/public/amsfonts/latxfont/line10.pfb></usr/share/texmf/fonts/type1/public/cm-super/sfbx0800.pfb></usr/share/texmf/fonts/type1/public/cm-super/sfbx0900.pfb></usr/share/texmf/fonts/type1/public/cm-super/sfbx1000.pfb></usr/share/texmf/fonts/type1/public/cm-super/sfbx1440.pfb></usr/share/texmf/fonts/type1/public/cm-super/sfcc0800.pfb></usr/share/texmf/fonts/type1/public/cm-super/sfrm0700.pfb></usr/share/texmf/fonts/type1/public/cm-super/sfrm0800.pfb></usr/share/texmf/fonts/type1/public/cm-super/sfrm0900.pfb></usr/share/texmf/fonts/type1/public/cm-super/sfrm1000.pfb></usr/share/texmf/fonts/type1/public/cm-super/sfti0800.pfb></usr/share/texmf/fonts/type1/public/cm-super/sfti1000.pfb></usr/share/texmf/fonts/type1/public/cm-super/sftt0800.pfb>
Output written on main.pdf (5 pages, 632364 bytes).
PDF statistics:
 323 PDF objects out of 1000 (max. 8388607)
 233 compressed objects within 3 object streams
 41 named destinations out of 1000 (max. 500000)
 159 words of extra memory for PDF output out of 10000 (max. 10000000)

